<?xml version="1.0" encoding="UTF-8"?>
<!-- Generated by org.testng.reporters.JUnitXMLReporter -->
<testsuite ignored="0" hostname="AH4000735LT" failures="0" tests="4" name="Default test" time="65.391" errors="0" timestamp="2024-02-29T17:26:28 IST">
  <testcase classname="basePackage.BaseDriver" name="scenario" time="31.475"/>
  <testcase classname="basePackage.BaseDriver" name="scenario" time="33.129"/>
  <testcase classname="basePackage.BaseDriver" name="scenario" time="57.614"/>
  <testcase classname="basePackage.BaseDriver" name="scenario" time="59.803"/>
</testsuite> <!-- Default test -->
