<?xml version="1.0" encoding="UTF-8"?>
<!-- Generated by org.testng.reporters.JUnitXMLReporter -->
<testsuite ignored="0" hostname="AH4000735LT" failures="0" tests="4" name="Default test" time="28.11" errors="0" timestamp="2024-02-23T11:37:42 IST">
  <testcase classname="basePackage.BaseDriver" name="scenario" time="7.833"/>
  <testcase classname="basePackage.BaseDriver" name="scenario" time="2.871"/>
  <testcase classname="basePackage.BaseDriver" name="scenario" time="3.949"/>
  <testcase classname="basePackage.BaseDriver" name="scenario" time="9.842"/>
</testsuite> <!-- Default test -->
