<?xml version="1.0" encoding="UTF-8"?>
<!-- Generated by org.testng.reporters.JUnitXMLReporter -->
<testsuite ignored="0" hostname="AH4000735LT" failures="4" tests="4" name="Test" time="4.333" errors="0" timestamp="2024-03-01T17:30:59 IST">
  <testcase classname="basePackage.BaseDriver" name="scenario" time="0.124">
    <failure type="io.cucumber.java.InvalidMethodSignatureException" message="A method annotated with Before, After, BeforeStep or AfterStep must have one of these signatures:
 * public void before_or_after(io.cucumber.java.Scenario scenario)
 * public void before_or_after()
at stepDefinition.ApplicationHooks.launchBrowser(java.lang.String)

">
      <![CDATA[io.cucumber.java.InvalidMethodSignatureException: A method annotated with Before, After, BeforeStep or AfterStep must have one of these signatures:
 * public void before_or_after(io.cucumber.java.Scenario scenario)
 * public void before_or_after()
at stepDefinition.ApplicationHooks.launchBrowser(java.lang.String)


at io.cucumber.java.InvalidMethodSignatureException$InvalidMethodSignatureExceptionBuilder.build(InvalidMethodSignatureException.java:52)
at io.cucumber.java.JavaHookDefinition.createInvalidSignatureException(JavaHookDefinition.java:47)
at io.cucumber.java.JavaHookDefinition.requireValidMethod(JavaHookDefinition.java:32)
at io.cucumber.java.JavaHookDefinition.<init>(JavaHookDefinition.java:18)
at io.cucumber.java.GlueAdaptor.addDefinition(GlueAdaptor.java:27)
at io.cucumber.java.JavaBackend.lambda$loadGlue$1(JavaBackend.java:42)
at io.cucumber.java.MethodScanner.scan(MethodScanner.java:65)
at io.cucumber.java.MethodScanner.scan(MethodScanner.java:56)
at io.cucumber.java.MethodScanner.scan(MethodScanner.java:31)
at io.cucumber.java.JavaBackend.lambda$loadGlue$2(JavaBackend.java:40)
at java.base/java.util.stream.ForEachOps$ForEachOp$OfRef.accept(ForEachOps.java:183)
at java.base/java.util.ArrayList$ArrayListSpliterator.forEachRemaining(ArrayList.java:1625)
at java.base/java.util.stream.ReferencePipeline$Head.forEach(ReferencePipeline.java:762)
at java.base/java.util.stream.ReferencePipeline$7$1.accept(ReferencePipeline.java:276)
at java.base/java.util.stream.ReferencePipeline$3$1.accept(ReferencePipeline.java:197)
at java.base/java.util.stream.ReferencePipeline$3$1.accept(ReferencePipeline.java:197)
at java.base/java.util.stream.ReferencePipeline$2$1.accept(ReferencePipeline.java:179)
at java.base/java.util.ArrayList$ArrayListSpliterator.forEachRemaining(ArrayList.java:1625)
at java.base/java.util.stream.AbstractPipeline.copyInto(AbstractPipeline.java:509)
at java.base/java.util.stream.AbstractPipeline.wrapAndCopyInto(AbstractPipeline.java:499)
at java.base/java.util.stream.ForEachOps$ForEachOp.evaluateSequential(ForEachOps.java:150)
at java.base/java.util.stream.ForEachOps$ForEachOp$OfRef.evaluateSequential(ForEachOps.java:173)
at java.base/java.util.stream.AbstractPipeline.evaluate(AbstractPipeline.java:234)
at java.base/java.util.stream.ReferencePipeline.forEach(ReferencePipeline.java:596)
at io.cucumber.java.JavaBackend.loadGlue(JavaBackend.java:40)
at io.cucumber.core.runner.Runner.<init>(Runner.java:54)
at io.cucumber.core.runtime.ThreadLocalRunnerSupplier.createRunner(ThreadLocalRunnerSupplier.java:51)
at java.base/java.lang.ThreadLocal$SuppliedThreadLocal.initialValue(ThreadLocal.java:361)
at java.base/java.lang.ThreadLocal.setInitialValue(ThreadLocal.java:226)
at java.base/java.lang.ThreadLocal.get(ThreadLocal.java:195)
at java.base/java.lang.ThreadLocal.get(ThreadLocal.java:169)
at io.cucumber.core.runtime.ThreadLocalRunnerSupplier.get(ThreadLocalRunnerSupplier.java:43)
at io.cucumber.core.runtime.CucumberExecutionContext.getRunner(CucumberExecutionContext.java:128)
at io.cucumber.core.runtime.CucumberExecutionContext.runTestCase(CucumberExecutionContext.java:115)
at io.cucumber.testng.TestNGCucumberRunner.runScenario(TestNGCucumberRunner.java:113)
at basePackage.BaseDriver.scenario(BaseDriver.java:23)
at java.base/java.util.concurrent.FutureTask.run(FutureTask.java:317)
at java.base/java.util.concurrent.Executors$RunnableAdapter.call(Executors.java:577)
at java.base/java.util.concurrent.FutureTask.run(FutureTask.java:317)
at java.base/java.util.concurrent.ThreadPoolExecutor.runWorker(ThreadPoolExecutor.java:1144)
at java.base/java.util.concurrent.ThreadPoolExecutor$Worker.run(ThreadPoolExecutor.java:642)
at java.base/java.lang.Thread.run(Thread.java:1589)
... Removed 7 stack frames]]>
    </failure>
  </testcase> <!-- scenario -->
  <testcase classname="basePackage.BaseDriver" name="scenario" time="0.127">
    <failure type="io.cucumber.java.InvalidMethodSignatureException" message="A method annotated with Before, After, BeforeStep or AfterStep must have one of these signatures:
 * public void before_or_after(io.cucumber.java.Scenario scenario)
 * public void before_or_after()
at stepDefinition.ApplicationHooks.launchBrowser(java.lang.String)

">
      <![CDATA[io.cucumber.java.InvalidMethodSignatureException: A method annotated with Before, After, BeforeStep or AfterStep must have one of these signatures:
 * public void before_or_after(io.cucumber.java.Scenario scenario)
 * public void before_or_after()
at stepDefinition.ApplicationHooks.launchBrowser(java.lang.String)


at io.cucumber.java.InvalidMethodSignatureException$InvalidMethodSignatureExceptionBuilder.build(InvalidMethodSignatureException.java:52)
at io.cucumber.java.JavaHookDefinition.createInvalidSignatureException(JavaHookDefinition.java:47)
at io.cucumber.java.JavaHookDefinition.requireValidMethod(JavaHookDefinition.java:32)
at io.cucumber.java.JavaHookDefinition.<init>(JavaHookDefinition.java:18)
at io.cucumber.java.GlueAdaptor.addDefinition(GlueAdaptor.java:27)
at io.cucumber.java.JavaBackend.lambda$loadGlue$1(JavaBackend.java:42)
at io.cucumber.java.MethodScanner.scan(MethodScanner.java:65)
at io.cucumber.java.MethodScanner.scan(MethodScanner.java:56)
at io.cucumber.java.MethodScanner.scan(MethodScanner.java:31)
at io.cucumber.java.JavaBackend.lambda$loadGlue$2(JavaBackend.java:40)
at java.base/java.util.stream.ForEachOps$ForEachOp$OfRef.accept(ForEachOps.java:183)
at java.base/java.util.ArrayList$ArrayListSpliterator.forEachRemaining(ArrayList.java:1625)
at java.base/java.util.stream.ReferencePipeline$Head.forEach(ReferencePipeline.java:762)
at java.base/java.util.stream.ReferencePipeline$7$1.accept(ReferencePipeline.java:276)
at java.base/java.util.stream.ReferencePipeline$3$1.accept(ReferencePipeline.java:197)
at java.base/java.util.stream.ReferencePipeline$3$1.accept(ReferencePipeline.java:197)
at java.base/java.util.stream.ReferencePipeline$2$1.accept(ReferencePipeline.java:179)
at java.base/java.util.ArrayList$ArrayListSpliterator.forEachRemaining(ArrayList.java:1625)
at java.base/java.util.stream.AbstractPipeline.copyInto(AbstractPipeline.java:509)
at java.base/java.util.stream.AbstractPipeline.wrapAndCopyInto(AbstractPipeline.java:499)
at java.base/java.util.stream.ForEachOps$ForEachOp.evaluateSequential(ForEachOps.java:150)
at java.base/java.util.stream.ForEachOps$ForEachOp$OfRef.evaluateSequential(ForEachOps.java:173)
at java.base/java.util.stream.AbstractPipeline.evaluate(AbstractPipeline.java:234)
at java.base/java.util.stream.ReferencePipeline.forEach(ReferencePipeline.java:596)
at io.cucumber.java.JavaBackend.loadGlue(JavaBackend.java:40)
at io.cucumber.core.runner.Runner.<init>(Runner.java:54)
at io.cucumber.core.runtime.ThreadLocalRunnerSupplier.createRunner(ThreadLocalRunnerSupplier.java:51)
at java.base/java.lang.ThreadLocal$SuppliedThreadLocal.initialValue(ThreadLocal.java:361)
at java.base/java.lang.ThreadLocal.setInitialValue(ThreadLocal.java:226)
at java.base/java.lang.ThreadLocal.get(ThreadLocal.java:195)
at java.base/java.lang.ThreadLocal.get(ThreadLocal.java:169)
at io.cucumber.core.runtime.ThreadLocalRunnerSupplier.get(ThreadLocalRunnerSupplier.java:43)
at io.cucumber.core.runtime.CucumberExecutionContext.getRunner(CucumberExecutionContext.java:128)
at io.cucumber.core.runtime.CucumberExecutionContext.runTestCase(CucumberExecutionContext.java:115)
at io.cucumber.testng.TestNGCucumberRunner.runScenario(TestNGCucumberRunner.java:113)
at basePackage.BaseDriver.scenario(BaseDriver.java:23)
at java.base/java.util.concurrent.FutureTask.run(FutureTask.java:317)
at java.base/java.util.concurrent.Executors$RunnableAdapter.call(Executors.java:577)
at java.base/java.util.concurrent.FutureTask.run(FutureTask.java:317)
at java.base/java.util.concurrent.ThreadPoolExecutor.runWorker(ThreadPoolExecutor.java:1144)
at java.base/java.util.concurrent.ThreadPoolExecutor$Worker.run(ThreadPoolExecutor.java:642)
at java.base/java.lang.Thread.run(Thread.java:1589)
... Removed 7 stack frames]]>
    </failure>
  </testcase> <!-- scenario -->
  <testcase classname="basePackage.BaseDriver" name="scenario" time="0.127">
    <failure type="io.cucumber.java.InvalidMethodSignatureException" message="A method annotated with Before, After, BeforeStep or AfterStep must have one of these signatures:
 * public void before_or_after(io.cucumber.java.Scenario scenario)
 * public void before_or_after()
at stepDefinition.ApplicationHooks.launchBrowser(java.lang.String)

">
      <![CDATA[io.cucumber.java.InvalidMethodSignatureException: A method annotated with Before, After, BeforeStep or AfterStep must have one of these signatures:
 * public void before_or_after(io.cucumber.java.Scenario scenario)
 * public void before_or_after()
at stepDefinition.ApplicationHooks.launchBrowser(java.lang.String)


at io.cucumber.java.InvalidMethodSignatureException$InvalidMethodSignatureExceptionBuilder.build(InvalidMethodSignatureException.java:52)
at io.cucumber.java.JavaHookDefinition.createInvalidSignatureException(JavaHookDefinition.java:47)
at io.cucumber.java.JavaHookDefinition.requireValidMethod(JavaHookDefinition.java:32)
at io.cucumber.java.JavaHookDefinition.<init>(JavaHookDefinition.java:18)
at io.cucumber.java.GlueAdaptor.addDefinition(GlueAdaptor.java:27)
at io.cucumber.java.JavaBackend.lambda$loadGlue$1(JavaBackend.java:42)
at io.cucumber.java.MethodScanner.scan(MethodScanner.java:65)
at io.cucumber.java.MethodScanner.scan(MethodScanner.java:56)
at io.cucumber.java.MethodScanner.scan(MethodScanner.java:31)
at io.cucumber.java.JavaBackend.lambda$loadGlue$2(JavaBackend.java:40)
at java.base/java.util.stream.ForEachOps$ForEachOp$OfRef.accept(ForEachOps.java:183)
at java.base/java.util.ArrayList$ArrayListSpliterator.forEachRemaining(ArrayList.java:1625)
at java.base/java.util.stream.ReferencePipeline$Head.forEach(ReferencePipeline.java:762)
at java.base/java.util.stream.ReferencePipeline$7$1.accept(ReferencePipeline.java:276)
at java.base/java.util.stream.ReferencePipeline$3$1.accept(ReferencePipeline.java:197)
at java.base/java.util.stream.ReferencePipeline$3$1.accept(ReferencePipeline.java:197)
at java.base/java.util.stream.ReferencePipeline$2$1.accept(ReferencePipeline.java:179)
at java.base/java.util.ArrayList$ArrayListSpliterator.forEachRemaining(ArrayList.java:1625)
at java.base/java.util.stream.AbstractPipeline.copyInto(AbstractPipeline.java:509)
at java.base/java.util.stream.AbstractPipeline.wrapAndCopyInto(AbstractPipeline.java:499)
at java.base/java.util.stream.ForEachOps$ForEachOp.evaluateSequential(ForEachOps.java:150)
at java.base/java.util.stream.ForEachOps$ForEachOp$OfRef.evaluateSequential(ForEachOps.java:173)
at java.base/java.util.stream.AbstractPipeline.evaluate(AbstractPipeline.java:234)
at java.base/java.util.stream.ReferencePipeline.forEach(ReferencePipeline.java:596)
at io.cucumber.java.JavaBackend.loadGlue(JavaBackend.java:40)
at io.cucumber.core.runner.Runner.<init>(Runner.java:54)
at io.cucumber.core.runtime.ThreadLocalRunnerSupplier.createRunner(ThreadLocalRunnerSupplier.java:51)
at java.base/java.lang.ThreadLocal$SuppliedThreadLocal.initialValue(ThreadLocal.java:361)
at java.base/java.lang.ThreadLocal.setInitialValue(ThreadLocal.java:226)
at java.base/java.lang.ThreadLocal.get(ThreadLocal.java:195)
at java.base/java.lang.ThreadLocal.get(ThreadLocal.java:169)
at io.cucumber.core.runtime.ThreadLocalRunnerSupplier.get(ThreadLocalRunnerSupplier.java:43)
at io.cucumber.core.runtime.CucumberExecutionContext.getRunner(CucumberExecutionContext.java:128)
at io.cucumber.core.runtime.CucumberExecutionContext.runTestCase(CucumberExecutionContext.java:115)
at io.cucumber.testng.TestNGCucumberRunner.runScenario(TestNGCucumberRunner.java:113)
at basePackage.BaseDriver.scenario(BaseDriver.java:23)
at java.base/java.util.concurrent.FutureTask.run(FutureTask.java:317)
at java.base/java.util.concurrent.Executors$RunnableAdapter.call(Executors.java:577)
at java.base/java.util.concurrent.FutureTask.run(FutureTask.java:317)
at java.base/java.util.concurrent.ThreadPoolExecutor.runWorker(ThreadPoolExecutor.java:1144)
at java.base/java.util.concurrent.ThreadPoolExecutor$Worker.run(ThreadPoolExecutor.java:642)
at java.base/java.lang.Thread.run(Thread.java:1589)
... Removed 7 stack frames]]>
    </failure>
  </testcase> <!-- scenario -->
  <testcase classname="basePackage.BaseDriver" name="scenario" time="0.128">
    <failure type="io.cucumber.java.InvalidMethodSignatureException" message="A method annotated with Before, After, BeforeStep or AfterStep must have one of these signatures:
 * public void before_or_after(io.cucumber.java.Scenario scenario)
 * public void before_or_after()
at stepDefinition.ApplicationHooks.launchBrowser(java.lang.String)

">
      <![CDATA[io.cucumber.java.InvalidMethodSignatureException: A method annotated with Before, After, BeforeStep or AfterStep must have one of these signatures:
 * public void before_or_after(io.cucumber.java.Scenario scenario)
 * public void before_or_after()
at stepDefinition.ApplicationHooks.launchBrowser(java.lang.String)


at io.cucumber.java.InvalidMethodSignatureException$InvalidMethodSignatureExceptionBuilder.build(InvalidMethodSignatureException.java:52)
at io.cucumber.java.JavaHookDefinition.createInvalidSignatureException(JavaHookDefinition.java:47)
at io.cucumber.java.JavaHookDefinition.requireValidMethod(JavaHookDefinition.java:32)
at io.cucumber.java.JavaHookDefinition.<init>(JavaHookDefinition.java:18)
at io.cucumber.java.GlueAdaptor.addDefinition(GlueAdaptor.java:27)
at io.cucumber.java.JavaBackend.lambda$loadGlue$1(JavaBackend.java:42)
at io.cucumber.java.MethodScanner.scan(MethodScanner.java:65)
at io.cucumber.java.MethodScanner.scan(MethodScanner.java:56)
at io.cucumber.java.MethodScanner.scan(MethodScanner.java:31)
at io.cucumber.java.JavaBackend.lambda$loadGlue$2(JavaBackend.java:40)
at java.base/java.util.stream.ForEachOps$ForEachOp$OfRef.accept(ForEachOps.java:183)
at java.base/java.util.ArrayList$ArrayListSpliterator.forEachRemaining(ArrayList.java:1625)
at java.base/java.util.stream.ReferencePipeline$Head.forEach(ReferencePipeline.java:762)
at java.base/java.util.stream.ReferencePipeline$7$1.accept(ReferencePipeline.java:276)
at java.base/java.util.stream.ReferencePipeline$3$1.accept(ReferencePipeline.java:197)
at java.base/java.util.stream.ReferencePipeline$3$1.accept(ReferencePipeline.java:197)
at java.base/java.util.stream.ReferencePipeline$2$1.accept(ReferencePipeline.java:179)
at java.base/java.util.ArrayList$ArrayListSpliterator.forEachRemaining(ArrayList.java:1625)
at java.base/java.util.stream.AbstractPipeline.copyInto(AbstractPipeline.java:509)
at java.base/java.util.stream.AbstractPipeline.wrapAndCopyInto(AbstractPipeline.java:499)
at java.base/java.util.stream.ForEachOps$ForEachOp.evaluateSequential(ForEachOps.java:150)
at java.base/java.util.stream.ForEachOps$ForEachOp$OfRef.evaluateSequential(ForEachOps.java:173)
at java.base/java.util.stream.AbstractPipeline.evaluate(AbstractPipeline.java:234)
at java.base/java.util.stream.ReferencePipeline.forEach(ReferencePipeline.java:596)
at io.cucumber.java.JavaBackend.loadGlue(JavaBackend.java:40)
at io.cucumber.core.runner.Runner.<init>(Runner.java:54)
at io.cucumber.core.runtime.ThreadLocalRunnerSupplier.createRunner(ThreadLocalRunnerSupplier.java:51)
at java.base/java.lang.ThreadLocal$SuppliedThreadLocal.initialValue(ThreadLocal.java:361)
at java.base/java.lang.ThreadLocal.setInitialValue(ThreadLocal.java:226)
at java.base/java.lang.ThreadLocal.get(ThreadLocal.java:195)
at java.base/java.lang.ThreadLocal.get(ThreadLocal.java:169)
at io.cucumber.core.runtime.ThreadLocalRunnerSupplier.get(ThreadLocalRunnerSupplier.java:43)
at io.cucumber.core.runtime.CucumberExecutionContext.getRunner(CucumberExecutionContext.java:128)
at io.cucumber.core.runtime.CucumberExecutionContext.runTestCase(CucumberExecutionContext.java:115)
at io.cucumber.testng.TestNGCucumberRunner.runScenario(TestNGCucumberRunner.java:113)
at basePackage.BaseDriver.scenario(BaseDriver.java:23)
at java.base/java.util.concurrent.FutureTask.run(FutureTask.java:317)
at java.base/java.util.concurrent.Executors$RunnableAdapter.call(Executors.java:577)
at java.base/java.util.concurrent.FutureTask.run(FutureTask.java:317)
at java.base/java.util.concurrent.ThreadPoolExecutor.runWorker(ThreadPoolExecutor.java:1144)
at java.base/java.util.concurrent.ThreadPoolExecutor$Worker.run(ThreadPoolExecutor.java:642)
at java.base/java.lang.Thread.run(Thread.java:1589)
... Removed 7 stack frames]]>
    </failure>
  </testcase> <!-- scenario -->
</testsuite> <!-- Test -->
