<?xml version="1.0" encoding="UTF-8"?>
<!-- Generated by org.testng.reporters.JUnitXMLReporter -->
<testsuite ignored="0" hostname="AH4000735LT" failures="0" tests="4" name="Test" time="47.197" errors="0" timestamp="2024-02-29T16:33:29 IST">
  <testcase classname="basePackage.BaseDriver" name="scenario" time="17.264"/>
  <testcase classname="basePackage.BaseDriver" name="scenario" time="5.395"/>
  <testcase classname="basePackage.BaseDriver" name="scenario" time="4.655"/>
  <testcase classname="basePackage.BaseDriver" name="scenario" time="12.709"/>
</testsuite> <!-- Test -->
