<?xml version="1.0" encoding="UTF-8"?>
<testng-results ignored="0" total="3" passed="0" failed="3" skipped="0">
  <reporter-output>
  </reporter-output>
  <suite started-at="2024-02-13T15:50:22 IST" name="Default suite" finished-at="2024-02-13T15:50:41 IST" duration-ms="19601">
    <groups>
      <group name="cucumber">
        <method signature="BaseDriver.scenario(io.cucumber.testng.PickleWrapper,io.cucumber.testng.FeatureWrapper)[pri:0, instance:stepDefinition.TestRunner@25641d39]" name="scenario" class="basePackage.BaseDriver"/>
      </group> <!-- cucumber -->
    </groups>
    <test started-at="2024-02-13T15:50:22 IST" name="Default test" finished-at="2024-02-13T15:50:41 IST" duration-ms="19601">
      <class name="stepDefinition.TestRunner">
        <test-method is-config="true" signature="setUpClass()[pri:0, instance:stepDefinition.TestRunner@25641d39]" started-at="2024-02-13T15:50:22 IST" name="setUpClass" finished-at="2024-02-13T15:50:23 IST" duration-ms="1741" status="PASS">
          <reporter-output>
          </reporter-output>
        </test-method> <!-- setUpClass -->
        <test-method signature="scenario(io.cucumber.testng.PickleWrapper,io.cucumber.testng.FeatureWrapper)[pri:0, instance:stepDefinition.TestRunner@25641d39]" started-at="2024-02-13T15:50:24 IST" name="scenario" description="Runs Cucumber Scenarios" data-provider="scenarios" finished-at="2024-02-13T15:50:24 IST" duration-ms="786" status="FAIL">
          <params>
            <param index="0">
              <value>
                <![CDATA["Validate successful login into the system"]]>
              </value>
            </param>
            <param index="1">
              <value>
                <![CDATA["Optional[Verify login feature]"]]>
              </value>
            </param>
          </params>
          <exception class="java.lang.NullPointerException">
            <message>
              <![CDATA[Cannot invoke "org.openqa.selenium.WebDriver.manage()" because the return value of "basePackage.DriverFactory.getDriver()" is null]]>
            </message>
            <full-stacktrace>
              <![CDATA[java.lang.NullPointerException: Cannot invoke "org.openqa.selenium.WebDriver.manage()" because the return value of "basePackage.DriverFactory.getDriver()" is null
at basePackage.DriverFactory.initiateDriver(DriverFactory.java:41)
at stepDefinition.ApplicationHooks.launchBrowser(ApplicationHooks.java:30)
]]>
            </full-stacktrace>
          </exception> <!-- java.lang.NullPointerException -->
          <reporter-output>
          </reporter-output>
        </test-method> <!-- scenario -->
        <test-method signature="scenario(io.cucumber.testng.PickleWrapper,io.cucumber.testng.FeatureWrapper)[pri:0, instance:stepDefinition.TestRunner@25641d39]" started-at="2024-02-13T15:50:24 IST" name="scenario" description="Runs Cucumber Scenarios" data-provider="scenarios" finished-at="2024-02-13T15:50:24 IST" duration-ms="74" status="FAIL">
          <params>
            <param index="0">
              <value>
                <![CDATA["Validate login into the system with invalid credentials"]]>
              </value>
            </param>
            <param index="1">
              <value>
                <![CDATA["Optional[Verify login feature]"]]>
              </value>
            </param>
          </params>
          <exception class="java.lang.NullPointerException">
            <message>
              <![CDATA[Cannot invoke "org.openqa.selenium.WebDriver.manage()" because the return value of "basePackage.DriverFactory.getDriver()" is null]]>
            </message>
            <full-stacktrace>
              <![CDATA[java.lang.NullPointerException: Cannot invoke "org.openqa.selenium.WebDriver.manage()" because the return value of "basePackage.DriverFactory.getDriver()" is null
at basePackage.DriverFactory.initiateDriver(DriverFactory.java:41)
at stepDefinition.ApplicationHooks.launchBrowser(ApplicationHooks.java:30)
]]>
            </full-stacktrace>
          </exception> <!-- java.lang.NullPointerException -->
          <reporter-output>
          </reporter-output>
        </test-method> <!-- scenario -->
        <test-method signature="scenario(io.cucumber.testng.PickleWrapper,io.cucumber.testng.FeatureWrapper)[pri:0, instance:stepDefinition.TestRunner@25641d39]" started-at="2024-02-13T15:50:24 IST" name="scenario" description="Runs Cucumber Scenarios" data-provider="scenarios" finished-at="2024-02-13T15:50:24 IST" duration-ms="56" status="FAIL">
          <params>
            <param index="0">
              <value>
                <![CDATA["Validate successful Logout from the system"]]>
              </value>
            </param>
            <param index="1">
              <value>
                <![CDATA["Optional[Verify login feature]"]]>
              </value>
            </param>
          </params>
          <exception class="java.lang.NullPointerException">
            <message>
              <![CDATA[Cannot invoke "org.openqa.selenium.WebDriver.manage()" because the return value of "basePackage.DriverFactory.getDriver()" is null]]>
            </message>
            <full-stacktrace>
              <![CDATA[java.lang.NullPointerException: Cannot invoke "org.openqa.selenium.WebDriver.manage()" because the return value of "basePackage.DriverFactory.getDriver()" is null
at basePackage.DriverFactory.initiateDriver(DriverFactory.java:41)
at stepDefinition.ApplicationHooks.launchBrowser(ApplicationHooks.java:30)
]]>
            </full-stacktrace>
          </exception> <!-- java.lang.NullPointerException -->
          <reporter-output>
          </reporter-output>
        </test-method> <!-- scenario -->
        <test-method is-config="true" signature="tearDownClass()[pri:0, instance:stepDefinition.TestRunner@25641d39]" started-at="2024-02-13T15:50:24 IST" name="tearDownClass" finished-at="2024-02-13T15:50:41 IST" duration-ms="16874" status="PASS">
          <reporter-output>
          </reporter-output>
        </test-method> <!-- tearDownClass -->
      </class> <!-- stepDefinition.TestRunner -->
    </test> <!-- Default test -->
  </suite> <!-- Default suite -->
</testng-results>
