<?xml version="1.0" encoding="UTF-8"?>
<testng-results ignored="0" total="4" passed="4" failed="0" skipped="0">
  <reporter-output>
  </reporter-output>
  <suite started-at="2024-02-29T17:25:22 IST" name="Default suite" finished-at="2024-02-29T17:26:28 IST" duration-ms="65391">
    <groups>
      <group name="cucumber">
        <method signature="BaseDriver.scenario(io.cucumber.testng.PickleWrapper,io.cucumber.testng.FeatureWrapper)[pri:0, instance:stepDefinition.TestRunner@639c2c1d]" name="scenario" class="basePackage.BaseDriver"/>
      </group> <!-- cucumber -->
    </groups>
    <test started-at="2024-02-29T17:25:22 IST" name="Default test" finished-at="2024-02-29T17:26:28 IST" duration-ms="65391">
      <class name="stepDefinition.TestRunner">
        <test-method is-config="true" signature="setUpClass()[pri:0, instance:stepDefinition.TestRunner@639c2c1d]" started-at="2024-02-29T17:25:22 IST" name="setUpClass" finished-at="2024-02-29T17:25:24 IST" duration-ms="1588" status="PASS">
          <reporter-output>
          </reporter-output>
        </test-method> <!-- setUpClass -->
        <test-method signature="scenario(io.cucumber.testng.PickleWrapper,io.cucumber.testng.FeatureWrapper)[pri:0, instance:stepDefinition.TestRunner@639c2c1d]" started-at="2024-02-29T17:25:24 IST" name="scenario" description="Runs Cucumber Scenarios" data-provider="scenarios" finished-at="2024-02-29T17:26:24 IST" duration-ms="59803" status="PASS">
          <params>
            <param index="0">
              <value>
                <![CDATA["Validate successful login into the system"]]>
              </value>
            </param>
            <param index="1">
              <value>
                <![CDATA["Optional[Verify login feature]"]]>
              </value>
            </param>
          </params>
          <reporter-output>
          </reporter-output>
        </test-method> <!-- scenario -->
        <test-method signature="scenario(io.cucumber.testng.PickleWrapper,io.cucumber.testng.FeatureWrapper)[pri:0, instance:stepDefinition.TestRunner@639c2c1d]" started-at="2024-02-29T17:25:24 IST" name="scenario" description="Runs Cucumber Scenarios" data-provider="scenarios" finished-at="2024-02-29T17:26:22 IST" duration-ms="57614" status="PASS">
          <params>
            <param index="0">
              <value>
                <![CDATA["Validate successful login into the system"]]>
              </value>
            </param>
            <param index="1">
              <value>
                <![CDATA["Optional[Verify login feature]"]]>
              </value>
            </param>
          </params>
          <reporter-output>
          </reporter-output>
        </test-method> <!-- scenario -->
        <test-method signature="scenario(io.cucumber.testng.PickleWrapper,io.cucumber.testng.FeatureWrapper)[pri:0, instance:stepDefinition.TestRunner@639c2c1d]" started-at="2024-02-29T17:25:24 IST" name="scenario" description="Runs Cucumber Scenarios" data-provider="scenarios" finished-at="2024-02-29T17:25:56 IST" duration-ms="31475" status="PASS">
          <params>
            <param index="0">
              <value>
                <![CDATA["Validate successful login into the system"]]>
              </value>
            </param>
            <param index="1">
              <value>
                <![CDATA["Optional[Verify login feature]"]]>
              </value>
            </param>
          </params>
          <reporter-output>
          </reporter-output>
        </test-method> <!-- scenario -->
        <test-method signature="scenario(io.cucumber.testng.PickleWrapper,io.cucumber.testng.FeatureWrapper)[pri:0, instance:stepDefinition.TestRunner@639c2c1d]" started-at="2024-02-29T17:25:24 IST" name="scenario" description="Runs Cucumber Scenarios" data-provider="scenarios" finished-at="2024-02-29T17:25:57 IST" duration-ms="33129" status="PASS">
          <params>
            <param index="0">
              <value>
                <![CDATA["Validate successful login into the system"]]>
              </value>
            </param>
            <param index="1">
              <value>
                <![CDATA["Optional[Verify login feature]"]]>
              </value>
            </param>
          </params>
          <reporter-output>
          </reporter-output>
        </test-method> <!-- scenario -->
        <test-method is-config="true" signature="tearDownClass()[pri:0, instance:stepDefinition.TestRunner@639c2c1d]" started-at="2024-02-29T17:26:24 IST" name="tearDownClass" finished-at="2024-02-29T17:26:28 IST" duration-ms="3923" status="PASS">
          <reporter-output>
          </reporter-output>
        </test-method> <!-- tearDownClass -->
      </class> <!-- stepDefinition.TestRunner -->
    </test> <!-- Default test -->
  </suite> <!-- Default suite -->
</testng-results>
